<?xml version="1.0" encoding="UTF-8"?>
<!-- Generated by org.testng.reporters.JUnitReportReporter -->
<testsuite skipped="0" hostname="DESKTOP-TUQODEK" name="org.sel.Suite2" tests="3" failures="0" timestamp="06 Apr 2021 17:57:15 GMT" time="0.135" errors="0">
  <testcase name="tc2" time="0.013" classname="org.sel.Suite2"/>
  <testcase name="tc2" time="0.021" classname="org.sel.Suite2"/>
  <testcase name="tc2" time="0.101" classname="org.sel.Suite2"/>
</testsuite> <!-- org.sel.Suite2 -->
