<?xml version="1.0" encoding="UTF-8"?>
<!-- Generated by org.testng.reporters.JUnitReportReporter -->
<testsuite skipped="0" hostname="DESKTOP-TUQODEK" name="org.sel.Group3" tests="3" failures="0" timestamp="07 Apr 2021 16:35:45 GMT" time="0.138" errors="0">
  <testcase name="tc222" time="0.017" classname="org.sel.Group3"/>
  <testcase name="tc333" time="0.016" classname="org.sel.Group3"/>
  <testcase name="tc111" time="0.105" classname="org.sel.Group3"/>
</testsuite> <!-- org.sel.Group3 -->
