<?xml version="1.0" encoding="UTF-8"?>
<!-- Generated by org.testng.reporters.JUnitReportReporter -->
<testsuite skipped="0" hostname="DESKTOP-TUQODEK" name="org.sel.Group2" tests="3" failures="0" timestamp="07 Apr 2021 16:35:45 GMT" time="0.067" errors="0">
  <testcase name="tc11" time="0.019" classname="org.sel.Group2"/>
  <testcase name="tc22" time="0.032" classname="org.sel.Group2"/>
  <testcase name="tc33" time="0.016" classname="org.sel.Group2"/>
</testsuite> <!-- org.sel.Group2 -->
