<?xml version="1.0" encoding="UTF-8"?>
<!-- Generated by org.testng.reporters.JUnitReportReporter -->
<testsuite skipped="0" hostname="DESKTOP-TUQODEK" name="org.sel.Daataprovider" tests="3" failures="0" timestamp="06 Apr 2021 17:45:59 GMT" time="52.297" errors="0">
  <testcase name="tc1" time="15.666" classname="org.sel.Daataprovider"/>
  <testcase name="tc1" time="23.230" classname="org.sel.Daataprovider"/>
  <testcase name="tc1" time="13.401" classname="org.sel.Daataprovider"/>
</testsuite> <!-- org.sel.Daataprovider -->
