<?xml version="1.0" encoding="UTF-8"?>
<!-- Generated by org.testng.reporters.JUnitReportReporter -->
<testsuite skipped="0" hostname="DESKTOP-TUQODEK" name="org.sel.Group" tests="2" failures="0" timestamp="07 Apr 2021 16:35:45 GMT" time="0.026" errors="0">
  <testcase name="tc3" time="0.022" classname="org.sel.Group"/>
  <testcase name="tc2" time="0.004" classname="org.sel.Group"/>
</testsuite> <!-- org.sel.Group -->
